<?xml version='1.0' encoding='UTF-8'?>
<testsuite hostname="pc" name="TestRegression" tests="11" errors="0" failures="0" skipped="0" time="126.337" timestamp="2024-04-09T20:14:21">
          <properties>
[...]
</properties>
          <testcase classname="TestRegression" name="1" time="0.07">
                      
                    </testcase><testcase classname="TestRegression" name="2" time="0.017">
                      
                    </testcase><testcase classname="TestRegression" name="3" time="0.007">
                      
                    </testcase><testcase classname="TestRegression" name="4" time="0.061">
                      
                    </testcase><testcase classname="TestRegression" name="5" time="0.03">
                      
                    </testcase><testcase classname="TestRegression" name="6" time="0.003">
                      
                    </testcase><testcase classname="TestRegression" name="7" time="0.005">
                      
                    </testcase><testcase classname="TestRegression" name="8" time="0.006">
                      
                    </testcase><testcase classname="TestRegression" name="9" time="0.094">
                      
                    </testcase><testcase classname="TestRegression" name="10" time="3.693">
                      
                    </testcase><testcase classname="TestRegression" name="PLOT" time="122.351">
                      
                    </testcase>
          <system-out><![CDATA[]]></system-out>
          <system-err><![CDATA[]]></system-err>
        </testsuite>